<?xml version="1.0" encoding="UTF-8"?>
<testng-results ignored="1" total="1" passed="0" failed="0" skipped="0">
  <reporter-output>
  </reporter-output>
  <suite started-at="2023-05-24T22:32:35 PDT" name="Default suite" finished-at="2023-05-24T22:32:35 PDT" duration-ms="23">
    <groups>
    </groups>
    <test started-at="2023-05-24T22:32:35 PDT" name="Default test" finished-at="2023-05-24T22:32:35 PDT" duration-ms="23">
    </test> <!-- Default test -->
  </suite> <!-- Default suite -->
</testng-results>
